2019-03-21 16:31:00.372  INFO 14223 --- [main] c.s.clientelk.ClientElkApplication       : Starting ClientElkApplication on Latitude-3580 with PID 14223 (/home/sovannarith/WorkSpaces/EQ/test/EQ-Test-Project/client-elk/target/classes started by sovannarith in /home/sovannarith/WorkSpaces/EQ/test/EQ-Test-Project)
2019-03-21 16:31:00.439  INFO 14223 --- [main] c.s.clientelk.ClientElkApplication       : No active profile set, falling back to default profiles: default
2019-03-21 16:31:05.078  INFO 14223 --- [main] o.s.b.w.embedded.tomcat.TomcatWebServer  : Tomcat initialized with port(s): 8088 (http)
2019-03-21 16:31:05.169  INFO 14223 --- [main] o.apache.catalina.core.StandardService   : Starting service [Tomcat]
2019-03-21 16:31:05.169  INFO 14223 --- [main] org.apache.catalina.core.StandardEngine  : Starting Servlet engine: [Apache Tomcat/9.0.16]
2019-03-21 16:31:05.187  INFO 14223 --- [main] o.a.catalina.core.AprLifecycleListener   : The APR based Apache Tomcat Native library which allows optimal performance in production environments was not found on the java.library.path: [/usr/java/packages/lib/amd64:/usr/lib64:/lib64:/lib:/usr/lib]
2019-03-21 16:31:05.345  INFO 14223 --- [main] o.a.c.c.C.[Tomcat].[localhost].[/]       : Initializing Spring embedded WebApplicationContext
2019-03-21 16:31:05.346  INFO 14223 --- [main] o.s.web.context.ContextLoader            : Root WebApplicationContext: initialization completed in 4753 ms
2019-03-21 16:31:05.981  INFO 14223 --- [main] o.s.s.concurrent.ThreadPoolTaskExecutor  : Initializing ExecutorService 'applicationTaskExecutor'
2019-03-21 16:31:06.547  INFO 14223 --- [main] o.s.b.w.embedded.tomcat.TomcatWebServer  : Tomcat started on port(s): 8088 (http) with context path ''
2019-03-21 16:31:06.554  INFO 14223 --- [main] c.s.clientelk.ClientElkApplication       : Started ClientElkApplication in 7.594 seconds (JVM running for 11.584)
2019-03-21 16:36:05.565  INFO 14223 --- [Thread-17] o.s.s.concurrent.ThreadPoolTaskExecutor  : Shutting down ExecutorService 'applicationTaskExecutor'
2019-03-21 16:36:57.796  INFO 15333 --- [main] c.s.clientelk.ClientElkApplication       : Starting ClientElkApplication on Latitude-3580 with PID 15333 (/home/sovannarith/WorkSpaces/EQ/test/EQ-Test-Project/client-elk/target/classes started by sovannarith in /home/sovannarith/WorkSpaces/EQ/test/EQ-Test-Project)
2019-03-21 16:36:57.824  INFO 15333 --- [main] c.s.clientelk.ClientElkApplication       : No active profile set, falling back to default profiles: default
2019-03-21 16:37:02.354  INFO 15333 --- [main] o.s.b.w.embedded.tomcat.TomcatWebServer  : Tomcat initialized with port(s): 8088 (http)
2019-03-21 16:37:02.386  INFO 15333 --- [main] o.apache.catalina.core.StandardService   : Starting service [Tomcat]
2019-03-21 16:37:02.386  INFO 15333 --- [main] org.apache.catalina.core.StandardEngine  : Starting Servlet engine: [Apache Tomcat/9.0.16]
2019-03-21 16:37:02.394  INFO 15333 --- [main] o.a.catalina.core.AprLifecycleListener   : The APR based Apache Tomcat Native library which allows optimal performance in production environments was not found on the java.library.path: [/usr/java/packages/lib/amd64:/usr/lib64:/lib64:/lib:/usr/lib]
2019-03-21 16:37:02.660  INFO 15333 --- [main] o.a.c.c.C.[Tomcat].[localhost].[/]       : Initializing Spring embedded WebApplicationContext
2019-03-21 16:37:02.661  INFO 15333 --- [main] o.s.web.context.ContextLoader            : Root WebApplicationContext: initialization completed in 4387 ms
2019-03-21 16:37:03.153  INFO 15333 --- [main] o.s.s.concurrent.ThreadPoolTaskExecutor  : Initializing ExecutorService 'applicationTaskExecutor'
2019-03-21 16:37:03.467  INFO 15333 --- [main] o.s.b.w.embedded.tomcat.TomcatWebServer  : Tomcat started on port(s): 8088 (http) with context path ''
2019-03-21 16:37:03.481  INFO 15333 --- [main] c.s.clientelk.ClientElkApplication       : Started ClientElkApplication in 8.139 seconds (JVM running for 15.02)
2019-03-21 16:37:24.398  INFO 15333 --- [http-nio-8088-exec-1] o.a.c.c.C.[Tomcat].[localhost].[/]       : Initializing Spring DispatcherServlet 'dispatcherServlet'
2019-03-21 16:37:24.403  INFO 15333 --- [http-nio-8088-exec-1] o.s.web.servlet.DispatcherServlet        : Initializing Servlet 'dispatcherServlet'
2019-03-21 16:37:24.439  INFO 15333 --- [http-nio-8088-exec-1] o.s.web.servlet.DispatcherServlet        : Completed initialization in 33 ms
2019-03-21 16:50:24.013  INFO 15333 --- [Thread-21] o.s.s.concurrent.ThreadPoolTaskExecutor  : Shutting down ExecutorService 'applicationTaskExecutor'
